2018-01-11T08:38:36+00:00 CRITICAL Maximum execution time of 30 seconds exceeded

2018-01-17T11:59:55+00:00 CRITICAL Uncaught Error: Call to undefined function the_flexible_field() in C:\MAMP\htdocs\Warped_Mind_Art\wp-content\themes\wma-theme\template-parts\content-template.php:4
Stack trace:
#0 C:\MAMP\htdocs\Warped_Mind_Art\wp-includes\template.php(690): require()
#1 C:\MAMP\htdocs\Warped_Mind_Art\wp-includes\template.php(647): load_template('C:\\MAMP\\htdocs\\...', false)
#2 C:\MAMP\htdocs\Warped_Mind_Art\wp-includes\general-template.php(155): locate_template(Array, true, false)
#3 C:\MAMP\htdocs\Warped_Mind_Art\wp-content\themes\wma-theme\page.php(1): get_template_part('template-parts/...')
#4 C:\MAMP\htdocs\Warped_Mind_Art\wp-includes\template-loader.php(74): include('C:\\MAMP\\htdocs\\...')
#5 C:\MAMP\htdocs\Warped_Mind_Art\wp-blog-header.php(19): require_once('C:\\MAMP\\htdocs\\...')
#6 C:\MAMP\htdocs\Warped_Mind_Art\index.php(17): require('C:\\MAMP\\htdocs\\...')
#7 {main}
  thrown

2018-01-17T16:23:36+00:00 CRITICAL Uncaught Error: Call to undefined function the_flexible_field() in C:\MAMP\htdocs\Warped_Mind_Art\wp-content\themes\wma-theme\template-parts\content-template.php:4
Stack trace:
#0 C:\MAMP\htdocs\Warped_Mind_Art\wp-includes\template.php(690): require()
#1 C:\MAMP\htdocs\Warped_Mind_Art\wp-includes\template.php(647): load_template('C:\\MAMP\\htdocs\\...', false)
#2 C:\MAMP\htdocs\Warped_Mind_Art\wp-includes\general-template.php(155): locate_template(Array, true, false)
#3 C:\MAMP\htdocs\Warped_Mind_Art\wp-content\themes\wma-theme\page.php(1): get_template_part('template-parts/...')
#4 C:\MAMP\htdocs\Warped_Mind_Art\wp-includes\template-loader.php(74): include('C:\\MAMP\\htdocs\\...')
#5 C:\MAMP\htdocs\Warped_Mind_Art\wp-blog-header.php(19): require_once('C:\\MAMP\\htdocs\\...')
#6 C:\MAMP\htdocs\Warped_Mind_Art\index.php(17): require('C:\\MAMP\\htdocs\\...')
#7 {main}
  thrown

2018-01-18T13:36:04+00:00 CRITICAL Uncaught Error: Call to undefined function the_flexible_field() in C:\MAMP\htdocs\Warped_Mind_Art\wp-content\themes\wma-theme\template-parts\content-template.php:4
Stack trace:
#0 C:\MAMP\htdocs\Warped_Mind_Art\wp-includes\template.php(690): require()
#1 C:\MAMP\htdocs\Warped_Mind_Art\wp-includes\template.php(647): load_template('C:\\MAMP\\htdocs\\...', false)
#2 C:\MAMP\htdocs\Warped_Mind_Art\wp-includes\general-template.php(155): locate_template(Array, true, false)
#3 C:\MAMP\htdocs\Warped_Mind_Art\wp-content\themes\wma-theme\page.php(1): get_template_part('template-parts/...')
#4 C:\MAMP\htdocs\Warped_Mind_Art\wp-includes\template-loader.php(74): include('C:\\MAMP\\htdocs\\...')
#5 C:\MAMP\htdocs\Warped_Mind_Art\wp-blog-header.php(19): require_once('C:\\MAMP\\htdocs\\...')
#6 C:\MAMP\htdocs\Warped_Mind_Art\index.php(17): require('C:\\MAMP\\htdocs\\...')
#7 {main}
  thrown

2018-01-18T13:54:41+00:00 CRITICAL Uncaught Error: Call to undefined function the_flexible_field() in C:\MAMP\htdocs\Warped_Mind_Art\wp-content\themes\wma-theme\template-parts\content-template.php:4
Stack trace:
#0 C:\MAMP\htdocs\Warped_Mind_Art\wp-includes\template.php(690): require()
#1 C:\MAMP\htdocs\Warped_Mind_Art\wp-includes\template.php(647): load_template('C:\\MAMP\\htdocs\\...', false)
#2 C:\MAMP\htdocs\Warped_Mind_Art\wp-includes\general-template.php(155): locate_template(Array, true, false)
#3 C:\MAMP\htdocs\Warped_Mind_Art\wp-content\themes\wma-theme\page.php(1): get_template_part('template-parts/...')
#4 C:\MAMP\htdocs\Warped_Mind_Art\wp-includes\template-loader.php(74): include('C:\\MAMP\\htdocs\\...')
#5 C:\MAMP\htdocs\Warped_Mind_Art\wp-blog-header.php(19): require_once('C:\\MAMP\\htdocs\\...')
#6 C:\MAMP\htdocs\Warped_Mind_Art\index.php(17): require('C:\\MAMP\\htdocs\\...')
#7 {main}
  thrown

2018-01-18T14:01:38+00:00 CRITICAL Uncaught Error: Call to undefined function the_field() in C:\MAMP\htdocs\Warped_Mind_Art\wp-content\themes\wma-theme\template-parts\front-page.php:7
Stack trace:
#0 C:\MAMP\htdocs\Warped_Mind_Art\wp-includes\template-loader.php(74): include()
#1 C:\MAMP\htdocs\Warped_Mind_Art\wp-blog-header.php(19): require_once('C:\\MAMP\\htdocs\\...')
#2 C:\MAMP\htdocs\Warped_Mind_Art\index.php(17): require('C:\\MAMP\\htdocs\\...')
#3 {main}
  thrown

2018-01-18T14:02:12+00:00 CRITICAL Uncaught Error: Call to undefined function the_field() in C:\MAMP\htdocs\Warped_Mind_Art\wp-content\themes\wma-theme\template-parts\front-page.php:7
Stack trace:
#0 C:\MAMP\htdocs\Warped_Mind_Art\wp-includes\template-loader.php(74): include()
#1 C:\MAMP\htdocs\Warped_Mind_Art\wp-blog-header.php(19): require_once('C:\\MAMP\\htdocs\\...')
#2 C:\MAMP\htdocs\Warped_Mind_Art\index.php(17): require('C:\\MAMP\\htdocs\\...')
#3 {main}
  thrown

2018-01-18T14:02:14+00:00 CRITICAL Uncaught Error: Call to undefined function the_field() in C:\MAMP\htdocs\Warped_Mind_Art\wp-content\themes\wma-theme\template-parts\front-page.php:7
Stack trace:
#0 C:\MAMP\htdocs\Warped_Mind_Art\wp-includes\template-loader.php(74): include()
#1 C:\MAMP\htdocs\Warped_Mind_Art\wp-blog-header.php(19): require_once('C:\\MAMP\\htdocs\\...')
#2 C:\MAMP\htdocs\Warped_Mind_Art\index.php(17): require('C:\\MAMP\\htdocs\\...')
#3 {main}
  thrown

2018-01-18T14:02:28+00:00 CRITICAL Uncaught Error: Call to undefined function the_field() in C:\MAMP\htdocs\Warped_Mind_Art\wp-content\themes\wma-theme\template-parts\front-page.php:7
Stack trace:
#0 C:\MAMP\htdocs\Warped_Mind_Art\wp-includes\template-loader.php(74): include()
#1 C:\MAMP\htdocs\Warped_Mind_Art\wp-blog-header.php(19): require_once('C:\\MAMP\\htdocs\\...')
#2 C:\MAMP\htdocs\Warped_Mind_Art\index.php(17): require('C:\\MAMP\\htdocs\\...')
#3 {main}
  thrown

2018-01-18T14:03:44+00:00 CRITICAL Uncaught Error: Call to undefined function the_field() in C:\MAMP\htdocs\Warped_Mind_Art\wp-content\themes\wma-theme\template-parts\front-page.php:7
Stack trace:
#0 C:\MAMP\htdocs\Warped_Mind_Art\wp-includes\template-loader.php(74): include()
#1 C:\MAMP\htdocs\Warped_Mind_Art\wp-blog-header.php(19): require_once('C:\\MAMP\\htdocs\\...')
#2 C:\MAMP\htdocs\Warped_Mind_Art\index.php(17): require('C:\\MAMP\\htdocs\\...')
#3 {main}
  thrown

2018-01-21T22:52:04+00:00 CRITICAL Allowed memory size of 134217728 bytes exhausted (tried to allocate 1692524611 bytes)

2018-01-21T22:52:08+00:00 CRITICAL Allowed memory size of 134217728 bytes exhausted (tried to allocate 1692524611 bytes)

2018-01-21T22:52:24+00:00 CRITICAL Allowed memory size of 134217728 bytes exhausted (tried to allocate 1692524611 bytes)

2018-01-21T22:52:41+00:00 CRITICAL Allowed memory size of 134217728 bytes exhausted (tried to allocate 1692524611 bytes)

